This is pdfTeX, Version 3.141592653-2.6-1.40.27 (MiKTeX 25.4) (preloaded format=pdflatex 2025.11.27)  7 DEC 2025 14:53
entering extended mode
 restricted \write18 enabled.
 %&-line parsing enabled.
**./IEEEtran_template.tex
(IEEEtran_template.tex
LaTeX2e <2025-11-01>
L3 programming layer <2025-11-06>
(C:\Users\David\AppData\Local\Programs\MiKTeX\tex/latex/ieeetran\IEEEtran.cls
Document Class: IEEEtran 2015/08/26 V1.8b by Michael Shell
-- See the "IEEEtran_HOWTO" manual for usage information.
-- http://www.michaelshell.org/tex/ieeetran/
\@IEEEtrantmpdimenA=\dimen148
\@IEEEtrantmpdimenB=\dimen149
\@IEEEtrantmpdimenC=\dimen150
\@IEEEtrantmpcountA=\count275
\@IEEEtrantmpcountB=\count276
\@IEEEtrantmpcountC=\count277
\@IEEEtrantmptoksA=\toks17
LaTeX Font Info:    Trying to load font information for OT1+ptm on input line 5
03.
(C:\Users\David\AppData\Local\Programs\MiKTeX\tex/latex/psnfss\ot1ptm.fd
File: ot1ptm.fd 2001/06/04 font definitions for OT1/ptm.
)
-- Using 210mm x 297mm (a4) paper.
-- Using PDF output.
\@IEEEnormalsizeunitybaselineskip=\dimen151
-- This is a 10 point document.
LaTeX Encoding Info:    Redeclaring text command \textunderscore (encoding ?) o
n input line 937.
\CLASSINFOnormalsizebaselineskip=\dimen152
\CLASSINFOnormalsizeunitybaselineskip=\dimen153
\IEEEnormaljot=\dimen154
LaTeX Font Info:    Font shape `OT1/ptm/bx/n' in size <5> not available
(Font)              Font shape `OT1/ptm/b/n' tried instead on input line 1090.
LaTeX Font Info:    Font shape `OT1/ptm/bx/it' in size <5> not available
(Font)              Font shape `OT1/ptm/b/it' tried instead on input line 1090.

LaTeX Font Info:    Font shape `OT1/ptm/bx/n' in size <7> not available
(Font)              Font shape `OT1/ptm/b/n' tried instead on input line 1090.
LaTeX Font Info:    Font shape `OT1/ptm/bx/it' in size <7> not available
(Font)              Font shape `OT1/ptm/b/it' tried instead on input line 1090.

LaTeX Font Info:    Font shape `OT1/ptm/bx/n' in size <8> not available
(Font)              Font shape `OT1/ptm/b/n' tried instead on input line 1090.
LaTeX Font Info:    Font shape `OT1/ptm/bx/it' in size <8> not available
(Font)              Font shape `OT1/ptm/b/it' tried instead on input line 1090.

LaTeX Font Info:    Font shape `OT1/ptm/bx/n' in size <9> not available
(Font)              Font shape `OT1/ptm/b/n' tried instead on input line 1090.
LaTeX Font Info:    Font shape `OT1/ptm/bx/it' in size <9> not available
(Font)              Font shape `OT1/ptm/b/it' tried instead on input line 1090.

LaTeX Font Info:    Font shape `OT1/ptm/bx/n' in size <10> not available
(Font)              Font shape `OT1/ptm/b/n' tried instead on input line 1090.
LaTeX Font Info:    Font shape `OT1/ptm/bx/it' in size <10> not available
(Font)              Font shape `OT1/ptm/b/it' tried instead on input line 1090.

LaTeX Font Info:    Font shape `OT1/ptm/bx/n' in size <11> not available
(Font)              Font shape `OT1/ptm/b/n' tried instead on input line 1090.
LaTeX Font Info:    Font shape `OT1/ptm/bx/it' in size <11> not available
(Font)              Font shape `OT1/ptm/b/it' tried instead on input line 1090.

LaTeX Font Info:    Font shape `OT1/ptm/bx/n' in size <12> not available
(Font)              Font shape `OT1/ptm/b/n' tried instead on input line 1090.
LaTeX Font Info:    Font shape `OT1/ptm/bx/it' in size <12> not available
(Font)              Font shape `OT1/ptm/b/it' tried instead on input line 1090.

LaTeX Font Info:    Font shape `OT1/ptm/bx/n' in size <17> not available
(Font)              Font shape `OT1/ptm/b/n' tried instead on input line 1090.
LaTeX Font Info:    Font shape `OT1/ptm/bx/it' in size <17> not available
(Font)              Font shape `OT1/ptm/b/it' tried instead on input line 1090.

LaTeX Font Info:    Font shape `OT1/ptm/bx/n' in size <20> not available
(Font)              Font shape `OT1/ptm/b/n' tried instead on input line 1090.
LaTeX Font Info:    Font shape `OT1/ptm/bx/it' in size <20> not available
(Font)              Font shape `OT1/ptm/b/it' tried instead on input line 1090.

LaTeX Font Info:    Font shape `OT1/ptm/bx/n' in size <24> not available
(Font)              Font shape `OT1/ptm/b/n' tried instead on input line 1090.
LaTeX Font Info:    Font shape `OT1/ptm/bx/it' in size <24> not available
(Font)              Font shape `OT1/ptm/b/it' tried instead on input line 1090.

\IEEEquantizedlength=\dimen155
\IEEEquantizedlengthdiff=\dimen156
\IEEEquantizedtextheightdiff=\dimen157
\IEEEilabelindentA=\dimen158
\IEEEilabelindentB=\dimen159
\IEEEilabelindent=\dimen160
\IEEEelabelindent=\dimen161
\IEEEdlabelindent=\dimen162
\IEEElabelindent=\dimen163
\IEEEiednormlabelsep=\dimen164
\IEEEiedmathlabelsep=\dimen165
\IEEEiedtopsep=\skip49
\c@section=\count278
\c@subsection=\count279
\c@subsubsection=\count280
\c@paragraph=\count281
\c@IEEEsubequation=\count282
\abovecaptionskip=\skip50
\belowcaptionskip=\skip51
\c@figure=\count283
\c@table=\count284
\@IEEEeqnnumcols=\count285
\@IEEEeqncolcnt=\count286
\@IEEEsubeqnnumrollback=\count287
\@IEEEquantizeheightA=\dimen166
\@IEEEquantizeheightB=\dimen167
\@IEEEquantizeheightC=\dimen168
\@IEEEquantizeprevdepth=\dimen169
\@IEEEquantizemultiple=\count288
\@IEEEquantizeboxA=\box53
\@IEEEtmpitemindent=\dimen170
\IEEEPARstartletwidth=\dimen171
\c@IEEEbiography=\count289
\@IEEEtranrubishbin=\box54
) (C:\Users\David\AppData\Local\Programs\MiKTeX\tex/latex/amsmath\amsmath.sty
Package: amsmath 2025/07/09 v2.17z AMS math features
\@mathmargin=\skip52

For additional information on amsmath, use the `?' option.
(C:\Users\David\AppData\Local\Programs\MiKTeX\tex/latex/amsmath\amstext.sty
Package: amstext 2024/11/17 v2.01 AMS text

(C:\Users\David\AppData\Local\Programs\MiKTeX\tex/latex/amsmath\amsgen.sty
File: amsgen.sty 1999/11/30 v2.0 generic functions
\@emptytoks=\toks18
\ex@=\dimen172
))
(C:\Users\David\AppData\Local\Programs\MiKTeX\tex/latex/amsmath\amsbsy.sty
Package: amsbsy 1999/11/29 v1.2d Bold Symbols
\pmbraise@=\dimen173
)
(C:\Users\David\AppData\Local\Programs\MiKTeX\tex/latex/amsmath\amsopn.sty
Package: amsopn 2022/04/08 v2.04 operator names
)
\inf@bad=\count290
LaTeX Info: Redefining \frac on input line 233.
\uproot@=\count291
\leftroot@=\count292
LaTeX Info: Redefining \overline on input line 398.
LaTeX Info: Redefining \colon on input line 409.
\classnum@=\count293
\DOTSCASE@=\count294
LaTeX Info: Redefining \ldots on input line 495.
LaTeX Info: Redefining \dots on input line 498.
LaTeX Info: Redefining \cdots on input line 619.
\Mathstrutbox@=\box55
\strutbox@=\box56
LaTeX Info: Redefining \big on input line 721.
LaTeX Info: Redefining \Big on input line 722.
LaTeX Info: Redefining \bigg on input line 723.
LaTeX Info: Redefining \Bigg on input line 724.
\big@size=\dimen174
LaTeX Font Info:    Redeclaring font encoding OML on input line 742.
LaTeX Font Info:    Redeclaring font encoding OMS on input line 743.
\macc@depth=\count295
LaTeX Info: Redefining \bmod on input line 904.
LaTeX Info: Redefining \pmod on input line 909.
LaTeX Info: Redefining \smash on input line 939.
LaTeX Info: Redefining \relbar on input line 969.
LaTeX Info: Redefining \Relbar on input line 970.
\c@MaxMatrixCols=\count296
\dotsspace@=\muskip17
\c@parentequation=\count297
\dspbrk@lvl=\count298
\tag@help=\toks19
\row@=\count299
\column@=\count300
\maxfields@=\count301
\andhelp@=\toks20
\eqnshift@=\dimen175
\alignsep@=\dimen176
\tagshift@=\dimen177
\tagwidth@=\dimen178
\totwidth@=\dimen179
\lineht@=\dimen180
\@envbody=\toks21
\multlinegap=\skip53
\multlinetaggap=\skip54
\mathdisplay@stack=\toks22
LaTeX Info: Redefining \[ on input line 2950.
LaTeX Info: Redefining \] on input line 2951.
)
(C:\Users\David\AppData\Local\Programs\MiKTeX\tex/latex/amsfonts\amsfonts.sty
Package: amsfonts 2013/01/14 v3.01 Basic AMSFonts support
\symAMSa=\mathgroup4
\symAMSb=\mathgroup5
LaTeX Font Info:    Redeclaring math symbol \hbar on input line 98.
LaTeX Font Info:    Overwriting math alphabet `\mathfrak' in version `bold'
(Font)                  U/euf/m/n --> U/euf/b/n on input line 106.
)
(C:\Users\David\AppData\Local\Programs\MiKTeX\tex/latex/algorithms\algorithmic.
sty
Package: algorithmic 2009/08/24 v0.1 Document Style `algorithmic'
 (C:\Users\David\AppData\Local\Programs\MiKTeX\tex/latex/base\ifthen.sty
Package: ifthen 2024/03/16 v1.1e Standard LaTeX ifthen package (DPC)
)
(C:\Users\David\AppData\Local\Programs\MiKTeX\tex/latex/graphics\keyval.sty
Package: keyval 2022/05/29 v1.15 key=value parser (DPC)
\KV@toks@=\toks23
)
\c@ALC@unique=\count302
\c@ALC@line=\count303
\c@ALC@rem=\count304
\c@ALC@depth=\count305
\ALC@tlm=\skip55
\algorithmicindent=\skip56
)
(C:\Users\David\AppData\Local\Programs\MiKTeX\tex/latex/tools\array.sty
Package: array 2025/09/25 v2.6n Tabular extension package (FMi)
\col@sep=\dimen181
\ar@mcellbox=\box57
\extrarowheight=\dimen182
\NC@list=\toks24
\extratabsurround=\skip57
\backup@length=\skip58
\ar@cellbox=\box58
)
(C:\Users\David\AppData\Local\Programs\MiKTeX\tex/latex/subfig\subfig.sty
Package: subfig 2005/06/28 ver: 1.3 subfig package

(C:\Users\David\AppData\Local\Programs\MiKTeX\tex/latex/caption\caption3.sty
Package: caption3 2023/07/31 v2.4d caption3 kernel (AR)
\caption@tempdima=\dimen183
\captionmargin=\dimen184
\caption@leftmargin=\dimen185
\caption@rightmargin=\dimen186
\caption@width=\dimen187
\caption@indent=\dimen188
\caption@parindent=\dimen189
\caption@hangindent=\dimen190
Package caption Info: Unknown document class (or package),
(caption)             standard defaults will be used.
Package caption Info: \@makecaption = \long macro:#1#2->\ifx \@captype \@IEEEta
blestring \footnotesize \bgroup \par \centering \@IEEEtabletopskipstrut {\norma
lfont \footnotesize #1}\\{\normalfont \footnotesize \scshape #2}\par \addvspace
 {0.5\baselineskip }\egroup \@IEEEtablecaptionsepspace \else \@IEEEfigurecaptio
nsepspace \setbox \@tempboxa \hbox {\normalfont \footnotesize {#1.}\nobreakspac
e \nobreakspace #2}\ifdim \wd \@tempboxa >\hsize \setbox \@tempboxa \hbox {\nor
malfont \footnotesize {#1.}\nobreakspace \nobreakspace }\parbox [t]{\hsize }{\n
ormalfont \footnotesize \noindent \unhbox \@tempboxa #2}\else \ifCLASSOPTIONcon
ference \hbox to\hsize {\normalfont \footnotesize \hfil \box \@tempboxa \hfil }
\else \hbox to\hsize {\normalfont \footnotesize \box \@tempboxa \hfil }\fi \fi 
\fi  on input line 1175.
)
\c@KVtest=\count306
\sf@farskip=\skip59
\sf@captopadj=\dimen191
\sf@capskip=\skip60
\sf@nearskip=\skip61
\c@subfigure=\count307
\c@subfigure@save=\count308
\c@lofdepth=\count309
\c@subtable=\count310
\c@subtable@save=\count311
\c@lotdepth=\count312
\sf@top=\skip62
\sf@bottom=\skip63
)
(C:\Users\David\AppData\Local\Programs\MiKTeX\tex/latex/base\textcomp.sty
Package: textcomp 2024/04/24 v2.1b Standard LaTeX package
)
(C:\Users\David\AppData\Local\Programs\MiKTeX\tex/latex/url\url.sty
\Urlmuskip=\muskip18
Package: url 2013/09/16  ver 3.4  Verb mode for urls, etc.
)
(C:\Users\David\AppData\Local\Programs\MiKTeX\tex/latex/tools\verbatim.sty
Package: verbatim 2024-01-22 v1.5x LaTeX2e package for verbatim enhancements
\every@verbatim=\toks25
\verbatim@line=\toks26
\verbatim@in@stream=\read2
)
(C:\Users\David\AppData\Local\Programs\MiKTeX\tex/latex/graphics\graphicx.sty
Package: graphicx 2024/12/31 v1.2e Enhanced LaTeX Graphics (DPC,SPQR)

(C:\Users\David\AppData\Local\Programs\MiKTeX\tex/latex/graphics\graphics.sty
Package: graphics 2024/08/06 v1.4g Standard LaTeX Graphics (DPC,SPQR)

(C:\Users\David\AppData\Local\Programs\MiKTeX\tex/latex/graphics\trig.sty
Package: trig 2023/12/02 v1.11 sin cos tan (DPC)
)
(C:\Users\David\AppData\Local\Programs\MiKTeX\tex/latex/graphics-cfg\graphics.c
fg
File: graphics.cfg 2016/06/04 v1.11 sample graphics configuration
)
Package graphics Info: Driver file: pdftex.def on input line 106.

(C:\Users\David\AppData\Local\Programs\MiKTeX\tex/latex/graphics-def\pdftex.def
File: pdftex.def 2025/09/29 v1.2d Graphics/color driver for pdftex
))
\Gin@req@height=\dimen192
\Gin@req@width=\dimen193
)
(C:\Users\David\AppData\Local\Programs\MiKTeX\tex/latex/preprint\balance.sty
Package: balance 1999/02/23 4.3 (PWD)
\oldvsize=\dimen194
)
(C:\Users\David\AppData\Local\Programs\MiKTeX\tex/generic/oberdiek\iflang.sty
Package: iflang 2018/01/21 v1.7 Checks for the current language (HO)

(C:\Users\David\AppData\Local\Programs\MiKTeX\tex/generic/infwarerr\infwarerr.s
ty
Package: infwarerr 2019/12/03 v1.5 Providing info/warning/error messages (HO)
)
(C:\Users\David\AppData\Local\Programs\MiKTeX\tex/generic/pdftexcmds\pdftexcmds
.sty
Package: pdftexcmds 2020-06-27 v0.33 Utility functions of pdfTeX for LuaTeX (HO
)
 (C:\Users\David\AppData\Local\Programs\MiKTeX\tex/generic/iftex\iftex.sty
Package: iftex 2024/12/12 v1.0g TeX engine tests
) (C:\Users\David\AppData\Local\Programs\MiKTeX\tex/generic/ltxcmds\ltxcmds.sty
Package: ltxcmds 2023-12-04 v1.26 LaTeX kernel commands for general use (HO)
)
Package pdftexcmds Info: \pdf@primitive is available.
Package pdftexcmds Info: \pdf@ifprimitive is available.
Package pdftexcmds Info: \pdfdraftmode found.
)
Package iflang Info: Naming convention for patterns: babel.
) (C:\Users\David\AppData\Local\Programs\MiKTeX\tex/generic/babel\babel.sty
Package: babel 2025/11/09 v25.15 The multilingual framework for LuaLaTeX, pdfLa
TeX and XeLaTeX
\babel@savecnt=\count313
LaTeX Encoding Info:    Redeclaring text command \ij (encoding OT1) on input li
ne 2050.
LaTeX Encoding Info:    Redeclaring text command \IJ (encoding OT1) on input li
ne 2052.
LaTeX Encoding Info:    Redeclaring text command \ij (encoding T1) on input lin
e 2054.
LaTeX Encoding Info:    Redeclaring text command \IJ (encoding T1) on input lin
e 2055.
LaTeX Encoding Info:    Ignoring declaration for text command \ij (encoding ?) 
on input line 2056.
LaTeX Encoding Info:    Ignoring declaration for text command \IJ (encoding ?) 
on input line 2058.
LaTeX Encoding Info:    Ignoring declaration for text command \SS (encoding ?) 
on input line 2083.
\U@D=\dimen195
\l@unhyphenated=\language79

(C:\Users\David\AppData\Local\Programs\MiKTeX\tex/generic/babel\txtbabel.def)
\bbl@readstream=\read3
\bbl@dirlevel=\count314
Package babel Info: Configuration files are deprecated, as
(babel)             they can break document portability.
(babel)             Reported on input line 4175.

*************************************
* Local config file bblopts.cfg used
*
(C:\Users\David\AppData\Local\Programs\MiKTeX\tex/latex/arabi\bblopts.cfg
File: bblopts.cfg 2005/09/08 v0.1 add Arabic and Farsi to "declared" options of
 babel
)
(C:\Users\David\AppData\Local\Programs\MiKTeX\tex/generic/babel/locale/en\babel
-english.tex)
Package babel Info: Importing font and identification data for english
(babel)             from babel-en.ini. Reported on input line 4298.

(C:\Users\David\AppData\Local\Programs\MiKTeX\tex/latex/babel-english\english.l
df
Language: english 2017/06/06 v3.3r English support from the babel system
Package babel Info: Hyphen rules for 'canadian' set to \l@english
(babel)             (\language0). Reported on input line 102.
Package babel Info: Hyphen rules for 'australian' set to \l@ukenglish
(babel)             (\language73). Reported on input line 105.
Package babel Info: Hyphen rules for 'newzealand' set to \l@ukenglish
(babel)             (\language73). Reported on input line 108.
))
\c@NextYear=\count315

(C:\Users\David\AppData\Local\Programs\MiKTeX\tex/latex/l3backend\l3backend-pdf
tex.def
File: l3backend-pdftex.def 2025-10-09 L3 backend support: PDF output (pdfTeX)
\l__color_backend_stack_int=\count316
) (IEEEtran_template.aux)
\openout1 = `IEEEtran_template.aux'.

LaTeX Font Info:    Checking defaults for OML/cmm/m/it on input line 47.
LaTeX Font Info:    ... okay on input line 47.
LaTeX Font Info:    Checking defaults for OMS/cmsy/m/n on input line 47.
LaTeX Font Info:    ... okay on input line 47.
LaTeX Font Info:    Checking defaults for OT1/cmr/m/n on input line 47.
LaTeX Font Info:    ... okay on input line 47.
LaTeX Font Info:    Checking defaults for T1/cmr/m/n on input line 47.
LaTeX Font Info:    ... okay on input line 47.
LaTeX Font Info:    Checking defaults for TS1/cmr/m/n on input line 47.
LaTeX Font Info:    ... okay on input line 47.
LaTeX Font Info:    Checking defaults for OMX/cmex/m/n on input line 47.
LaTeX Font Info:    ... okay on input line 47.
LaTeX Font Info:    Checking defaults for U/cmr/m/n on input line 47.
LaTeX Font Info:    ... okay on input line 47.

-- Lines per column: 58 (exact).
Package caption Info: Begin \AtBeginDocument code.
Package caption Info: subfig package v1.3 is loaded.
Package caption Info: End \AtBeginDocument code.

(C:\Users\David\AppData\Local\Programs\MiKTeX\tex/context/base/mkii\supp-pdf.mk
ii
[Loading MPS to PDF converter (version 2006.09.02).]
\scratchcounter=\count317
\scratchdimen=\dimen196
\scratchbox=\box59
\nofMPsegments=\count318
\nofMParguments=\count319
\everyMPshowfont=\toks27
\MPscratchCnt=\count320
\MPscratchDim=\dimen197
\MPnumerator=\count321
\makeMPintoPDFobject=\count322
\everyMPtoPDFconversion=\toks28
)
(C:\Users\David\AppData\Local\Programs\MiKTeX\tex/latex/epstopdf-pkg\epstopdf-b
ase.sty
Package: epstopdf-base 2020-01-24 v2.11 Base part for package epstopdf

(C:\Users\David\AppData\Local\Programs\MiKTeX\tex/latex/grfext\grfext.sty
Package: grfext 2019/12/03 v1.3 Manage graphics extensions (HO)

(C:\Users\David\AppData\Local\Programs\MiKTeX\tex/generic/kvdefinekeys\kvdefine
keys.sty
Package: kvdefinekeys 2019-12-19 v1.6 Define keys (HO)
))
(C:\Users\David\AppData\Local\Programs\MiKTeX\tex/latex/kvoptions\kvoptions.sty
Package: kvoptions 2022-06-15 v3.15 Key value format for package options (HO)

(C:\Users\David\AppData\Local\Programs\MiKTeX\tex/latex/kvsetkeys\kvsetkeys.sty
Package: kvsetkeys 2022-10-05 v1.19 Key value parser (HO)
))
Package epstopdf-base Info: Redefining graphics rule for `.eps' on input line 4
85.
Package grfext Info: Graphics extension search list:
(grfext)             [.pdf,.png,.jpg,.mps,.jpeg,.jbig2,.jb2,.PDF,.PNG,.JPG,.JPE
G,.JBIG2,.JB2,.eps]
(grfext)             \AppendGraphicsExtensions on input line 504.

(C:\Users\David\AppData\Local\Programs\MiKTeX\tex/latex/00miktex\epstopdf-sys.c
fg
File: epstopdf-sys.cfg 2021/03/18 v2.0 Configuration of epstopdf for MiKTeX
))
LaTeX Font Info:    Trying to load font information for U+msa on input line 76.

 (C:\Users\David\AppData\Local\Programs\MiKTeX\tex/latex/amsfonts\umsa.fd
File: umsa.fd 2013/01/14 v3.01 AMS symbols A
)
LaTeX Font Info:    Trying to load font information for U+msb on input line 76.


(C:\Users\David\AppData\Local\Programs\MiKTeX\tex/latex/amsfonts\umsb.fd
File: umsb.fd 2013/01/14 v3.01 AMS symbols B
)
LaTeX Font Info:    Trying to load font information for OT1+pcr on input line 8
5.

(C:\Users\David\AppData\Local\Programs\MiKTeX\tex/latex/psnfss\ot1pcr.fd
File: ot1pcr.fd 2001/06/04 font definitions for OT1/pcr.
)
Overfull \hbox (6.0pt too wide) in paragraph at lines 115--115
[]\OT1/pcr/m/n/10 \IEEEmembership{Fellow, IEEE}, Masaki Owari[] 
 []


Underfull \hbox (badness 4467) in paragraph at lines 124--126
\OT1/ptm/m/n/10 tify IEEE mem-ber-ship sta-tus. Please see the ``IEEE-
 []


Underfull \hbox (badness 1715) in paragraph at lines 141--142
\OT1/ptm/m/n/10 The ab-stract is the first el-e-ment of a pa-per af-ter the
 []

[1{C:/Users/David/AppData/Local/MiKTeX/fonts/map/pdftex/pdftex.map}{C:/Users/Da
vid/AppData/Local/Programs/MiKTeX/fonts/enc/dvips/base/8r.enc}


]
Overfull \hbox (12.0pt too wide) in paragraph at lines 162--162
[]\OT1/pcr/m/n/10 \IEEEPARstart{T}{his} is the first paragraph[] 
 []


Underfull \hbox (badness 10000) in paragraph at lines 182--183

 []

<fig1.png, id=11, 188.20313pt x 173.89969pt>
File: fig1.png Graphic file (type png)
<use fig1.png>
Package pdftex.def Info: fig1.png  used on input line 217.
(pdftex.def)             Requested size: 180.67499pt x 166.95505pt.
[2 <./fig1.png>]
Underfull \hbox (badness 3281) in paragraph at lines 278--279
\OT1/ptm/m/n/10 un-num-bered, num-bered and bul-leted. There have been
 []


Underfull \hbox (badness 2213) in paragraph at lines 278--279
\OT1/ptm/m/n/10 be-low, please re-fer to the ``IEEE-tran[]HOWTO.pdf'' for
 []


Underfull \hbox (badness 10000) in paragraph at lines 278--279

 []


Underfull \hbox (badness 5388) in paragraph at lines 360--361
\OT1/ptm/b/n/10 References Sim-pli-fied: \OT1/ptm/m/n/10 A sim-ple way of com-p
os-ing
 []


Underfull \hbox (badness 10000) in paragraph at lines 360--361

 []

[3]
Overfull \hbox (6.0pt too wide) in paragraph at lines 394--394
[]\OT1/pcr/m/n/10 \textit{International Journal of Modelling,[] 
 []


Overfull \hbox (6.0pt too wide) in paragraph at lines 406--406
[]\OT1/pcr/m/n/10 systems using a port-controlled Hamiltonian[] 
 []


Overfull \hbox (12.0pt too wide) in paragraph at lines 407--407
[]\OT1/pcr/m/n/10 description,'' in \textit{Proceedings of the[] 
 []

LaTeX Font Info:    Trying to load font information for TS1+ptm on input line 4
49.
(C:\Users\David\AppData\Local\Programs\MiKTeX\tex/latex/psnfss\ts1ptm.fd
File: ts1ptm.fd 2001/06/04 font definitions for TS1/ptm.
)
Underfull \hbox (badness 10000) in paragraph at lines 463--464
[]\OT1/ptm/m/n/10 Further ex-am-ples can be seen at $http : / / journals .
 []


Underfull \hbox (badness 10000) in paragraph at lines 463--464
\OT1/ptm/m/n/10 ieeeauthorcenter . ieee . org / wp-[]content / uploads / sites 
/ 7 /
 []

[4]
Underfull \hbox (badness 10000) in paragraph at lines 487--489

 []


Underfull \hbox (badness 10000) in paragraph at lines 490--492

 []

[5] [6]
LaTeX Font Info:    Trying to load font information for OMS+pcr on input line 7
44.

(C:\Users\David\AppData\Local\Programs\MiKTeX\tex/latex/psnfss\omspcr.fd
File: omspcr.fd 
)
LaTeX Font Info:    Font shape `OMS/pcr/m/n' in size <10> not available
(Font)              Font shape `OMS/cmsy/m/n' tried instead on input line 744.

Underfull \hbox (badness 10000) in paragraph at lines 760--761

 []


Underfull \hbox (badness 10000) in paragraph at lines 765--766

 []

[7] (IEEEtran_template.aux)
 ***********
LaTeX2e <2025-11-01>
L3 programming layer <2025-11-06>
 ***********
 ) 
Here is how much of TeX's memory you used:
 6276 strings out of 467870
 112287 string characters out of 5418354
 542337 words of memory out of 5000000
 35034 multiletter control sequences out of 15000+600000
 677935 words of font info for 133 fonts, out of 8000000 for 9000
 1145 hyphenation exceptions out of 8191
 59i,12n,67p,610b,352s stack positions out of 10000i,1000n,20000p,200000b,200000s
<C:/Users/David/AppData/Local/Programs/MiKTeX/fonts/type1/public/amsfonts/cm/
cmex10.pfb><C:/Users/David/AppData/Local/Programs/MiKTeX/fonts/type1/public/ams
fonts/cm/cmmi10.pfb><C:/Users/David/AppData/Local/Programs/MiKTeX/fonts/type1/p
ublic/amsfonts/cm/cmmi5.pfb><C:/Users/David/AppData/Local/Programs/MiKTeX/fonts
/type1/public/amsfonts/cm/cmmi6.pfb><C:/Users/David/AppData/Local/Programs/MiKT
eX/fonts/type1/public/amsfonts/cm/cmmi7.pfb><C:/Users/David/AppData/Local/Progr
ams/MiKTeX/fonts/type1/public/amsfonts/cm/cmmi8.pfb><C:/Users/David/AppData/Loc
al/Programs/MiKTeX/fonts/type1/public/amsfonts/cm/cmr10.pfb><C:/Users/David/App
Data/Local/Programs/MiKTeX/fonts/type1/public/amsfonts/cm/cmr6.pfb><C:/Users/Da
vid/AppData/Local/Programs/MiKTeX/fonts/type1/public/amsfonts/cm/cmr7.pfb><C:/U
sers/David/AppData/Local/Programs/MiKTeX/fonts/type1/public/amsfonts/cm/cmr8.pf
b><C:/Users/David/AppData/Local/Programs/MiKTeX/fonts/type1/public/amsfonts/cm/
cmsy10.pfb><C:/Users/David/AppData/Local/Programs/MiKTeX/fonts/type1/public/ams
fonts/cm/cmsy7.pfb><C:/Users/David/AppData/Local/Programs/MiKTeX/fonts/type1/pu
blic/amsfonts/cm/cmsy8.pfb><C:/Users/David/AppData/Local/Programs/MiKTeX/fonts/
type1/urw/courier/ucrr8a.pfb><C:/Users/David/AppData/Local/Programs/MiKTeX/font
s/type1/urw/times/utmb8a.pfb><C:/Users/David/AppData/Local/Programs/MiKTeX/font
s/type1/urw/times/utmbi8a.pfb><C:/Users/David/AppData/Local/Programs/MiKTeX/fon
ts/type1/urw/times/utmr8a.pfb><C:/Users/David/AppData/Local/Programs/MiKTeX/fon
ts/type1/urw/times/utmri8a.pfb>
Output written on IEEEtran_template.pdf (7 pages, 274975 bytes).
PDF statistics:
 118 PDF objects out of 1000 (max. 8388607)
 0 named destinations out of 1000 (max. 500000)
 6 words of extra memory for PDF output out of 10000 (max. 10000000)

